2026-04-12 23:14:03,253 - INFO - ============================================================
2026-04-12 23:14:03,254 - INFO - 股市新闻监控任务开始
2026-04-12 23:14:03,254 - INFO - ============================================================
2026-04-12 23:14:03,254 - INFO - [步骤1/4] 抓取新闻数据...
2026-04-12 23:14:03,254 - INFO - 开始抓取新闻...
2026-04-12 23:14:06,985 - INFO - 新浪财经: 获取 0 条
2026-04-12 23:14:08,172 - INFO - 东方财富: 获取 20 条
2026-04-12 23:14:09,316 - INFO - 雪球: 获取 0 条
2026-04-12 23:14:09,316 - INFO - 去重后共 20 条新闻
2026-04-12 23:14:09,325 - INFO -   -> 获取新闻 20 条
2026-04-12 23:14:09,328 - INFO - [步骤2/4] 抓取VIX数据...
2026-04-12 23:14:09,328 - INFO - 开始抓取VIX数据...
2026-04-12 23:14:10,669 - ERROR - [VIX] Yahoo Finance获取失败: Expecting value: line 1 column 1 (char 0)
2026-04-12 23:14:16,095 - INFO -   -> VIX指数: 19.23
2026-04-12 23:14:16,095 - INFO -   -> 恐慌等级: 较低
2026-04-12 23:14:16,097 - INFO - [步骤3/4] 保存数据...
2026-04-12 23:14:16,167 - INFO - 新闻数据已保存: /app/data/所有对话/主对话/股市新闻网页/data/news_20260412_23.json
2026-04-12 23:14:16,201 - INFO - VIX数据已保存: /app/data/所有对话/主对话/股市新闻网页/data/vix_latest.json
2026-04-12 23:14:16,281 - INFO - [步骤4/4] 生成HTML页面...
2026-04-12 23:14:16,322 - INFO - ============================================================
2026-04-12 23:14:16,322 - INFO - 任务完成!
2026-04-12 23:14:16,322 - INFO -   - 新闻数量: 20 条
2026-04-12 23:14:16,322 - INFO -   - 积极新闻: 10 条
2026-04-12 23:14:16,322 - INFO -   - 消极新闻: 2 条
2026-04-12 23:14:16,322 - INFO -   - VIX指数: 19.23
2026-04-12 23:14:16,322 - INFO -   - 综合预测: 偏多/积极
2026-04-12 23:14:16,322 - INFO -   - 输出文件: /app/data/所有对话/主对话/股市新闻网页/output/index.html
2026-04-12 23:14:16,322 - INFO -   - 耗时: 13.07秒
2026-04-12 23:14:16,322 - INFO - ============================================================
2026-04-12 23:25:12,181 - INFO - ============================================================
2026-04-12 23:25:12,181 - INFO - 股市新闻监控任务开始
2026-04-12 23:25:12,182 - INFO - ============================================================
2026-04-12 23:25:12,182 - INFO - [步骤1/4] 抓取新闻数据...
2026-04-12 23:25:12,182 - INFO - 开始抓取新闻...
2026-04-12 23:25:12,288 - ERROR - [新浪财经] API请求失败: 'str' object cannot be interpreted as an integer
2026-04-12 23:25:13,079 - ERROR - [新浪财经] API请求失败: 'str' object cannot be interpreted as an integer
2026-04-12 23:25:13,654 - INFO - 新浪财经: 获取 30 条
2026-04-12 23:25:14,253 - ERROR - [新浪宏观] 获取失败: 'str' object cannot be interpreted as an integer
2026-04-12 23:25:14,254 - INFO - 新浪宏观: 获取 0 条
2026-04-12 23:25:14,937 - INFO - 东方财富: 获取 20 条
2026-04-12 23:25:15,617 - ERROR - [雪球] 获取失败: Expecting value: line 1 column 1 (char 0)
2026-04-12 23:25:15,617 - INFO - 雪球: 获取 0 条
2026-04-12 23:25:17,038 - INFO - 华尔街见闻: 获取 20 条
2026-04-12 23:25:17,710 - ERROR - [金十数据] 获取失败: Expecting value: line 1 column 1 (char 0)
2026-04-12 23:25:17,710 - INFO - 金十数据: 获取 0 条
2026-04-12 23:25:33,215 - ERROR - [路透社] 请求失败 https://cn.reuters.com/news/china: HTTPSConnectionPool(host='cn.reuters.com', port=443): Max retries exceeded with url: /news/china (Caused by ProxyError('Cannot connect to proxy.', TimeoutError('timed out')))
2026-04-12 23:25:33,215 - INFO - 路透社: 获取 0 条
2026-04-12 23:25:33,215 - INFO - 去重后共 57 条新闻
2026-04-12 23:25:33,231 - INFO -   -> 获取新闻 57 条
2026-04-12 23:25:33,232 - INFO - [步骤2/4] 抓取VIX数据...
2026-04-12 23:25:33,232 - INFO - 开始抓取VIX数据...
2026-04-12 23:25:36,196 - ERROR - [VIX] Yahoo Finance获取失败: Expecting value: line 1 column 1 (char 0)
2026-04-12 23:25:39,219 - INFO -   -> VIX指数: 19.23
2026-04-12 23:25:39,220 - INFO -   -> 恐慌等级: 较低
2026-04-12 23:25:39,222 - INFO - [步骤3/4] 保存数据...
2026-04-12 23:25:39,283 - INFO - 新闻数据已保存: /app/data/所有对话/主对话/股市新闻网页/data/news_20260412_23.json
2026-04-12 23:25:39,327 - INFO - VIX数据已保存: /app/data/所有对话/主对话/股市新闻网页/data/vix_latest.json
2026-04-12 23:25:39,389 - INFO - [步骤4/4] 生成HTML页面...
2026-04-12 23:25:39,450 - INFO - ============================================================
2026-04-12 23:25:39,451 - INFO - 任务完成!
2026-04-12 23:25:39,451 - INFO -   - 新闻数量: 57 条
2026-04-12 23:25:39,452 - INFO -   - 积极新闻: 20 条
2026-04-12 23:25:39,452 - INFO -   - 消极新闻: 7 条
2026-04-12 23:25:39,452 - INFO -   - VIX指数: 19.23
2026-04-12 23:25:39,453 - INFO -   - 综合预测: 偏多/积极
2026-04-12 23:25:39,453 - INFO -   - 输出文件: /app/data/所有对话/主对话/股市新闻网页/output/index.html
2026-04-12 23:25:39,453 - INFO -   - 耗时: 27.27秒
2026-04-12 23:25:39,454 - INFO - ============================================================
2026-04-12 23:35:50,323 - INFO - ============================================================
2026-04-12 23:35:50,323 - INFO - 股市新闻监控任务开始
2026-04-12 23:35:50,324 - INFO - ============================================================
2026-04-12 23:35:50,324 - INFO - [步骤1/4] 抓取新闻数据...
2026-04-12 23:35:50,324 - INFO - 开始抓取新闻...
2026-04-12 23:35:50,434 - ERROR - [新浪财经] API请求失败: 'str' object cannot be interpreted as an integer
2026-04-12 23:35:51,223 - ERROR - [新浪财经] API请求失败: 'str' object cannot be interpreted as an integer
2026-04-12 23:35:51,792 - INFO - 新浪财经: 获取 30 条
2026-04-12 23:35:52,399 - ERROR - [新浪宏观] 获取失败: 'str' object cannot be interpreted as an integer
2026-04-12 23:35:52,400 - INFO - 新浪宏观: 获取 0 条
2026-04-12 23:35:53,127 - INFO - 东方财富: 获取 20 条
2026-04-12 23:35:53,820 - ERROR - [雪球] 获取失败: Expecting value: line 1 column 1 (char 0)
2026-04-12 23:35:53,820 - INFO - 雪球: 获取 0 条
2026-04-12 23:35:54,540 - INFO - 华尔街见闻: 获取 20 条
2026-04-12 23:35:55,191 - ERROR - [金十数据] 获取失败: Expecting value: line 1 column 1 (char 0)
2026-04-12 23:35:55,191 - INFO - 金十数据: 获取 0 条
2026-04-12 23:36:10,709 - ERROR - [路透社] 请求失败 https://cn.reuters.com/news/china: HTTPSConnectionPool(host='cn.reuters.com', port=443): Max retries exceeded with url: /news/china (Caused by ProxyError('Cannot connect to proxy.', TimeoutError('timed out')))
2026-04-12 23:36:10,710 - INFO - 路透社: 获取 0 条
2026-04-12 23:36:10,710 - INFO - 去重后共 57 条新闻
2026-04-12 23:36:10,736 - INFO -   -> 获取新闻 57 条
2026-04-12 23:36:10,736 - INFO - [步骤2/4] 抓取VIX数据...
2026-04-12 23:36:10,738 - INFO - 开始抓取VIX数据...
2026-04-12 23:36:12,089 - ERROR - [VIX] Yahoo Finance获取失败: Expecting value: line 1 column 1 (char 0)
2026-04-12 23:36:14,539 - INFO -   -> VIX指数: 19.23
2026-04-12 23:36:14,540 - INFO -   -> 恐慌等级: 较低
2026-04-12 23:36:14,542 - INFO - [步骤3/4] 保存数据...
2026-04-12 23:36:14,596 - INFO - 新闻数据已保存: /app/data/所有对话/主对话/股市新闻网页/data/news_20260412_23.json
2026-04-12 23:36:14,638 - INFO - VIX数据已保存: /app/data/所有对话/主对话/股市新闻网页/data/vix_latest.json
2026-04-12 23:36:14,697 - INFO - [步骤4/4] 生成HTML页面...
2026-04-12 23:36:14,746 - INFO - ============================================================
2026-04-12 23:36:14,747 - INFO - 任务完成!
2026-04-12 23:36:14,747 - INFO -   - 新闻数量: 57 条
2026-04-12 23:36:14,747 - INFO -   - 积极新闻: 20 条
2026-04-12 23:36:14,747 - INFO -   - 消极新闻: 7 条
2026-04-12 23:36:14,747 - INFO -   - VIX指数: 19.23
2026-04-12 23:36:14,747 - INFO -   - 综合预测: 偏多/积极
2026-04-12 23:36:14,747 - INFO -   - 输出文件: /app/data/所有对话/主对话/股市新闻网页/output/index.html
2026-04-12 23:36:14,747 - INFO -   - 耗时: 24.42秒
2026-04-12 23:36:14,747 - INFO - ============================================================
2026-04-12 23:41:03,622 - INFO - ============================================================
2026-04-12 23:41:03,622 - INFO - 股市新闻监控任务开始
2026-04-12 23:41:03,623 - INFO - ============================================================
2026-04-12 23:41:03,623 - INFO - [步骤1/4] 抓取新闻数据...
2026-04-12 23:41:03,623 - INFO - 开始抓取新闻...
2026-04-12 23:41:03,741 - ERROR - [新浪财经] API请求失败: 'str' object cannot be interpreted as an integer
2026-04-12 23:41:04,486 - ERROR - [新浪财经] API请求失败: 'str' object cannot be interpreted as an integer
2026-04-12 23:41:05,085 - INFO - 新浪财经: 获取 30 条
2026-04-12 23:41:05,698 - ERROR - [新浪宏观] 获取失败: 'str' object cannot be interpreted as an integer
2026-04-12 23:41:05,698 - INFO - 新浪宏观: 获取 0 条
2026-04-12 23:41:06,369 - INFO - 东方财富: 获取 20 条
2026-04-12 23:41:07,029 - ERROR - [雪球] 获取失败: Expecting value: line 1 column 1 (char 0)
2026-04-12 23:41:07,029 - INFO - 雪球: 获取 0 条
2026-04-12 23:41:09,596 - INFO - 华尔街见闻: 获取 20 条
2026-04-12 23:41:10,233 - ERROR - [金十数据] 获取失败: Expecting value: line 1 column 1 (char 0)
2026-04-12 23:41:10,234 - INFO - 金十数据: 获取 0 条
2026-04-12 23:41:25,750 - ERROR - [路透社] 请求失败 https://cn.reuters.com/news/china: HTTPSConnectionPool(host='cn.reuters.com', port=443): Max retries exceeded with url: /news/china (Caused by ProxyError('Cannot connect to proxy.', TimeoutError('timed out')))
2026-04-12 23:41:25,751 - INFO - 路透社: 获取 0 条
2026-04-12 23:41:25,751 - INFO - 去重后共 57 条新闻
2026-04-12 23:41:25,765 - INFO -   -> 获取新闻 57 条
2026-04-12 23:41:25,765 - INFO - [步骤2/4] 抓取VIX数据...
2026-04-12 23:41:25,765 - INFO - 开始抓取VIX数据...
2026-04-12 23:41:27,373 - ERROR - [VIX] Yahoo Finance获取失败: Expecting value: line 1 column 1 (char 0)
2026-04-12 23:41:33,196 - INFO -   -> VIX指数: 19.23
2026-04-12 23:41:33,196 - INFO -   -> 恐慌等级: 较低
2026-04-12 23:41:33,196 - INFO - [步骤3/4] 保存数据...
2026-04-12 23:41:33,245 - INFO - 新闻数据已保存: /app/data/所有对话/主对话/股市新闻网页/data/news_20260412_23.json
2026-04-12 23:41:33,293 - INFO - VIX数据已保存: /app/data/所有对话/主对话/股市新闻网页/data/vix_latest.json
2026-04-12 23:41:33,350 - INFO - [步骤4/4] 生成HTML页面...
2026-04-12 23:41:33,414 - INFO - ============================================================
2026-04-12 23:41:33,415 - INFO - 任务完成!
2026-04-12 23:41:33,415 - INFO -   - 新闻数量: 57 条
2026-04-12 23:41:33,416 - INFO -   - 积极新闻: 20 条
2026-04-12 23:41:33,417 - INFO -   - 消极新闻: 7 条
2026-04-12 23:41:33,417 - INFO -   - VIX指数: 19.23
2026-04-12 23:41:33,417 - INFO -   - 综合预测: 偏多/积极
2026-04-12 23:41:33,417 - INFO -   - 输出文件: /app/data/所有对话/主对话/股市新闻网页/output/index.html
2026-04-12 23:41:33,418 - INFO -   - 耗时: 29.79秒
2026-04-12 23:41:33,418 - INFO - ============================================================
2026-04-13 22:40:29,510 - INFO - ============================================================
2026-04-13 22:40:29,511 - INFO - 股市新闻监控任务开始
2026-04-13 22:40:29,511 - INFO - ============================================================
2026-04-13 22:40:29,511 - INFO - [步骤1/4] 抓取新闻数据...
2026-04-13 22:40:29,511 - INFO - 开始抓取新闻...
2026-04-13 22:40:29,609 - ERROR - [新浪财经] API请求失败: 'str' object cannot be interpreted as an integer
2026-04-13 22:40:30,431 - ERROR - [新浪财经] API请求失败: 'str' object cannot be interpreted as an integer
2026-04-13 22:40:31,022 - INFO - 新浪财经: 获取 30 条
2026-04-13 22:40:31,623 - ERROR - [新浪宏观] 获取失败: 'str' object cannot be interpreted as an integer
2026-04-13 22:40:31,623 - INFO - 新浪宏观: 获取 0 条
2026-04-13 22:40:32,289 - INFO - 东方财富: 获取 20 条
2026-04-13 22:40:32,955 - ERROR - [雪球] 获取失败: Expecting value: line 1 column 1 (char 0)
2026-04-13 22:40:32,955 - INFO - 雪球: 获取 0 条
2026-04-13 22:40:33,702 - INFO - 华尔街见闻: 获取 20 条
2026-04-13 22:40:34,357 - ERROR - [金十数据] 获取失败: Expecting value: line 1 column 1 (char 0)
2026-04-13 22:40:34,357 - INFO - 金十数据: 获取 0 条
2026-04-13 22:40:49,874 - ERROR - [路透社] 请求失败 https://cn.reuters.com/news/china: HTTPSConnectionPool(host='cn.reuters.com', port=443): Max retries exceeded with url: /news/china (Caused by ProxyError('Cannot connect to proxy.', TimeoutError('timed out')))
2026-04-13 22:40:49,875 - INFO - 路透社: 获取 0 条
2026-04-13 22:40:49,875 - INFO - 去重后共 57 条新闻
2026-04-13 22:40:49,886 - INFO -   -> 获取新闻 57 条
2026-04-13 22:40:49,887 - INFO - [步骤2/4] 抓取VIX数据...
2026-04-13 22:40:49,887 - INFO - 开始抓取VIX数据...
2026-04-13 22:40:51,192 - ERROR - [VIX] Yahoo Finance获取失败: Expecting value: line 1 column 1 (char 0)
2026-04-13 22:40:54,200 - INFO -   -> VIX指数: 19.23
2026-04-13 22:40:54,201 - INFO -   -> 恐慌等级: 较低
2026-04-13 22:40:54,201 - INFO - [步骤3/4] 保存数据...
2026-04-13 22:40:54,292 - INFO - 新闻数据已保存: /app/data/所有对话/主对话/股市新闻网页/data/news_20260413_22.json
2026-04-13 22:40:54,340 - INFO - VIX数据已保存: /app/data/所有对话/主对话/股市新闻网页/data/vix_latest.json
2026-04-13 22:40:54,404 - INFO - [步骤4/4] 生成HTML页面...
2026-04-13 22:40:54,473 - INFO - ============================================================
2026-04-13 22:40:54,473 - INFO - 任务完成!
2026-04-13 22:40:54,473 - INFO -   - 新闻数量: 57 条
2026-04-13 22:40:54,473 - INFO -   - 积极新闻: 8 条
2026-04-13 22:40:54,473 - INFO -   - 消极新闻: 5 条
2026-04-13 22:40:54,474 - INFO -   - VIX指数: 19.23
2026-04-13 22:40:54,474 - INFO -   - 综合预测: 偏多
2026-04-13 22:40:54,474 - INFO -   - 输出文件: /app/data/所有对话/主对话/股市新闻网页/output/index.html
2026-04-13 22:40:54,474 - INFO -   - 耗时: 24.96秒
2026-04-13 22:40:54,474 - INFO - ============================================================
2026-04-13 22:41:38,994 - INFO - ============================================================
2026-04-13 22:41:38,994 - INFO - 股市新闻监控任务开始
2026-04-13 22:41:38,994 - INFO - ============================================================
2026-04-13 22:41:38,994 - INFO - [步骤1/4] 抓取新闻数据...
2026-04-13 22:41:38,994 - INFO - 开始抓取新闻...
2026-04-13 22:41:39,104 - ERROR - [新浪财经] API请求失败: 'str' object cannot be interpreted as an integer
2026-04-13 22:41:39,951 - ERROR - [新浪财经] API请求失败: 'str' object cannot be interpreted as an integer
2026-04-13 22:41:40,536 - INFO - 新浪财经: 获取 30 条
2026-04-13 22:41:41,184 - ERROR - [新浪宏观] 获取失败: 'str' object cannot be interpreted as an integer
2026-04-13 22:41:41,184 - INFO - 新浪宏观: 获取 0 条
2026-04-13 22:41:41,824 - INFO - 东方财富: 获取 20 条
2026-04-13 22:41:42,530 - ERROR - [雪球] 获取失败: Expecting value: line 1 column 1 (char 0)
2026-04-13 22:41:42,530 - INFO - 雪球: 获取 0 条
2026-04-13 22:41:43,250 - INFO - 华尔街见闻: 获取 20 条
2026-04-13 22:41:43,949 - ERROR - [金十数据] 获取失败: Expecting value: line 1 column 1 (char 0)
2026-04-13 22:41:43,949 - INFO - 金十数据: 获取 0 条
2026-04-13 22:41:59,466 - ERROR - [路透社] 请求失败 https://cn.reuters.com/news/china: HTTPSConnectionPool(host='cn.reuters.com', port=443): Max retries exceeded with url: /news/china (Caused by ProxyError('Cannot connect to proxy.', TimeoutError('timed out')))
2026-04-13 22:41:59,466 - INFO - 路透社: 获取 0 条
2026-04-13 22:41:59,467 - INFO - 去重后共 57 条新闻
2026-04-13 22:41:59,476 - INFO -   -> 获取新闻 57 条
2026-04-13 22:41:59,476 - INFO - [步骤2/4] 抓取VIX数据...
2026-04-13 22:41:59,476 - INFO - 开始抓取VIX数据...
2026-04-13 22:42:00,407 - ERROR - [VIX] Yahoo Finance获取失败: Expecting value: line 1 column 1 (char 0)
2026-04-13 22:42:04,157 - INFO -   -> VIX指数: 19.23
2026-04-13 22:42:04,157 - INFO -   -> 恐慌等级: 较低
2026-04-13 22:42:04,157 - INFO - [步骤3/4] 保存数据...
2026-04-13 22:42:04,261 - INFO - 新闻数据已保存: /app/data/所有对话/主对话/股市新闻网页/data/news_20260413_22.json
2026-04-13 22:42:04,305 - INFO - VIX数据已保存: /app/data/所有对话/主对话/股市新闻网页/data/vix_latest.json
2026-04-13 22:42:04,373 - INFO - [步骤4/4] 生成HTML页面...
2026-04-13 22:42:04,455 - INFO - ============================================================
2026-04-13 22:42:04,456 - INFO - 任务完成!
2026-04-13 22:42:04,456 - INFO -   - 新闻数量: 57 条
2026-04-13 22:42:04,456 - INFO -   - 积极新闻: 8 条
2026-04-13 22:42:04,456 - INFO -   - 消极新闻: 5 条
2026-04-13 22:42:04,456 - INFO -   - VIX指数: 19.23
2026-04-13 22:42:04,456 - INFO -   - 综合预测: 偏多
2026-04-13 22:42:04,456 - INFO -   - 输出文件: /app/data/所有对话/主对话/股市新闻网页/output/index.html
2026-04-13 22:42:04,456 - INFO -   - 耗时: 25.46秒
2026-04-13 22:42:04,456 - INFO - ============================================================
2026-04-14 20:59:28,016 - INFO - ============================================================
2026-04-14 20:59:28,016 - INFO - 股市新闻监控任务开始 - 2026-04-14
2026-04-14 20:59:28,016 - INFO - ============================================================
2026-04-14 20:59:28,016 - INFO - [步骤1/4] 抓取新闻数据...
2026-04-14 20:59:28,016 - INFO - 开始抓取新闻...
2026-04-14 20:59:28,150 - ERROR - [新浪财经] API请求失败: 'str' object cannot be interpreted as an integer
2026-04-14 20:59:28,905 - ERROR - [新浪财经] API请求失败: 'str' object cannot be interpreted as an integer
2026-04-14 20:59:29,527 - INFO - 新浪财经: 获取 30 条
2026-04-14 20:59:30,143 - ERROR - [新浪宏观] 获取失败: 'str' object cannot be interpreted as an integer
2026-04-14 20:59:30,143 - INFO - 新浪宏观: 获取 0 条
2026-04-14 20:59:30,839 - INFO - 东方财富: 获取 20 条
2026-04-14 20:59:31,549 - INFO - 同花顺: 获取 20 条
2026-04-14 20:59:32,055 - ERROR - [网易财经] 获取失败: HTTPSConnectionPool(host='api.money.126.net', port=443): Max retries exceeded with url: /data/feed/0000001,1399001?callback=a (Caused by ProxyError('Cannot connect to proxy.', OSError('Tunnel connection failed: 500 Internal Server Error')))
2026-04-14 20:59:32,318 - INFO - 网易财经: 获取 0 条
2026-04-14 20:59:32,943 - ERROR - [腾讯财经] API获取失败: Expecting value: line 1 column 1 (char 0)
2026-04-14 20:59:32,971 - INFO - 腾讯财经: 获取 0 条
2026-04-14 20:59:33,661 - ERROR - [财联社] API获取失败: Expecting value: line 1 column 1 (char 0)
2026-04-14 20:59:33,775 - INFO - 财联社: 获取 0 条
2026-04-14 20:59:34,479 - ERROR - [中证报] 请求失败 https://www.cs.com.cn/zqbd/: 404 Client Error: Not Found for url: https://www.cs.com.cn/zqbd/
2026-04-14 20:59:34,479 - INFO - 中国证券报: 获取 0 条
2026-04-14 20:59:35,146 - ERROR - [雪球] 获取失败: Expecting value: line 1 column 1 (char 0)
2026-04-14 20:59:35,150 - INFO - 雪球: 获取 0 条
2026-04-14 20:59:36,983 - INFO - 华尔街见闻: 获取 20 条
2026-04-14 20:59:37,650 - ERROR - [金十数据] 获取失败: Expecting value: line 1 column 1 (char 0)
2026-04-14 20:59:37,651 - INFO - 金十数据: 获取 0 条
2026-04-14 20:59:53,168 - ERROR - [路透社] 请求失败 https://cn.reuters.com/news/china: HTTPSConnectionPool(host='cn.reuters.com', port=443): Max retries exceeded with url: /news/china (Caused by ProxyError('Cannot connect to proxy.', TimeoutError('timed out')))
2026-04-14 20:59:53,168 - INFO - 路透社: 获取 0 条
2026-04-14 20:59:53,169 - INFO - 去重后共 76 条新闻
2026-04-14 20:59:53,196 - INFO -   -> 获取新闻 76 条
2026-04-14 20:59:53,197 - INFO -   -> 来源统计: {'新浪财经': 29, '东方财富': 20, '同花顺': 20, '华尔街见闻': 7}
2026-04-14 20:59:53,197 - INFO - [步骤2/4] 抓取VIX数据...
2026-04-14 20:59:53,197 - INFO - 开始抓取VIX数据...
2026-04-14 20:59:54,703 - ERROR - [VIX] Yahoo Finance获取失败: Expecting value: line 1 column 1 (char 0)
2026-04-14 20:59:57,628 - INFO -   -> VIX指数: 19.12
2026-04-14 20:59:57,629 - INFO -   -> 恐慌等级: 较低
2026-04-14 20:59:57,629 - INFO - [步骤3/4] 保存数据...
2026-04-14 20:59:57,714 - INFO - 新闻数据已保存: /app/data/所有对话/主对话/股市新闻网页/data/news_2026-04-14.json
2026-04-14 20:59:57,793 - INFO - VIX数据已保存: /app/data/所有对话/主对话/股市新闻网页/data/vix_latest.json
2026-04-14 20:59:57,847 - INFO - [步骤4/4] 生成HTML页面...
2026-04-14 20:59:58,053 - ERROR - 任务执行失败: string indices must be integers, not 'str'
Traceback (most recent call last):
  File "/app/data/所有对话/主对话/股市新闻网页/scripts/main.py", line 88, in run_pipeline
    html = generate_html(news_list, vix_data, vix_history, today_str, available_dates)
  File "/app/data/所有对话/主对话/股市新闻网页/scripts/html_generator.py", line 169, in generate_html
    date_str = date_info['date']
               ~~~~~~~~~^^^^^^^^
TypeError: string indices must be integers, not 'str'
2026-04-14 21:00:27,192 - INFO - ============================================================
2026-04-14 21:00:27,193 - INFO - 股市新闻监控任务开始 - 2026-04-14
2026-04-14 21:00:27,193 - INFO - ============================================================
2026-04-14 21:00:27,193 - INFO - [步骤1/4] 抓取新闻数据...
2026-04-14 21:00:27,193 - INFO - 开始抓取新闻...
2026-04-14 21:00:27,299 - ERROR - [新浪财经] API请求失败: 'str' object cannot be interpreted as an integer
2026-04-14 21:00:27,991 - ERROR - [新浪财经] API请求失败: 'str' object cannot be interpreted as an integer
2026-04-14 21:00:28,587 - INFO - 新浪财经: 获取 30 条
2026-04-14 21:00:29,197 - ERROR - [新浪宏观] 获取失败: 'str' object cannot be interpreted as an integer
2026-04-14 21:00:29,197 - INFO - 新浪宏观: 获取 0 条
2026-04-14 21:00:29,871 - INFO - 东方财富: 获取 20 条
2026-04-14 21:00:30,581 - INFO - 同花顺: 获取 20 条
2026-04-14 21:00:31,083 - ERROR - [网易财经] 获取失败: HTTPSConnectionPool(host='api.money.126.net', port=443): Max retries exceeded with url: /data/feed/0000001,1399001?callback=a (Caused by ProxyError('Cannot connect to proxy.', OSError('Tunnel connection failed: 500 Internal Server Error')))
2026-04-14 21:00:32,075 - INFO - 网易财经: 获取 0 条
2026-04-14 21:00:32,735 - ERROR - [腾讯财经] API获取失败: Expecting value: line 1 column 1 (char 0)
2026-04-14 21:00:32,760 - INFO - 腾讯财经: 获取 0 条
2026-04-14 21:00:33,463 - ERROR - [财联社] API获取失败: Expecting value: line 1 column 1 (char 0)
2026-04-14 21:00:33,595 - INFO - 财联社: 获取 0 条
2026-04-14 21:00:34,251 - ERROR - [中证报] 请求失败 https://www.cs.com.cn/zqbd/: 404 Client Error: Not Found for url: https://www.cs.com.cn/zqbd/
2026-04-14 21:00:34,252 - INFO - 中国证券报: 获取 0 条
2026-04-14 21:00:34,885 - ERROR - [雪球] 获取失败: Expecting value: line 1 column 1 (char 0)
2026-04-14 21:00:34,885 - INFO - 雪球: 获取 0 条
2026-04-14 21:00:35,763 - INFO - 华尔街见闻: 获取 20 条
2026-04-14 21:00:36,445 - ERROR - [金十数据] 获取失败: Expecting value: line 1 column 1 (char 0)
2026-04-14 21:00:36,445 - INFO - 金十数据: 获取 0 条
2026-04-14 21:00:36,948 - ERROR - [路透社] 请求失败 https://cn.reuters.com/news/china: HTTPSConnectionPool(host='cn.reuters.com', port=443): Max retries exceeded with url: /news/china (Caused by ProxyError('Cannot connect to proxy.', OSError('Tunnel connection failed: 503 Service Unavailable')))
2026-04-14 21:00:36,948 - INFO - 路透社: 获取 0 条
2026-04-14 21:00:36,948 - INFO - 去重后共 76 条新闻
2026-04-14 21:00:36,974 - INFO -   -> 获取新闻 76 条
2026-04-14 21:00:36,974 - INFO -   -> 来源统计: {'新浪财经': 29, '东方财富': 20, '同花顺': 20, '华尔街见闻': 7}
2026-04-14 21:00:36,974 - INFO - [步骤2/4] 抓取VIX数据...
2026-04-14 21:00:36,974 - INFO - 开始抓取VIX数据...
2026-04-14 21:00:40,615 - ERROR - [VIX] Yahoo Finance获取失败: Expecting value: line 1 column 1 (char 0)
2026-04-14 21:00:45,567 - INFO -   -> VIX指数: 19.12
2026-04-14 21:00:45,567 - INFO -   -> 恐慌等级: 较低
2026-04-14 21:00:45,567 - INFO - [步骤3/4] 保存数据...
2026-04-14 21:00:45,606 - INFO - 新闻数据已保存: /app/data/所有对话/主对话/股市新闻网页/data/news_2026-04-14.json
2026-04-14 21:00:45,731 - INFO - VIX数据已保存: /app/data/所有对话/主对话/股市新闻网页/data/vix_latest.json
2026-04-14 21:00:45,788 - INFO - [步骤4/4] 生成HTML页面...
2026-04-14 21:00:46,041 - INFO - ============================================================
2026-04-14 21:00:46,041 - INFO - 任务完成!
2026-04-14 21:00:46,042 - INFO -   - 新闻数量: 76 条
2026-04-14 21:00:46,042 - INFO -   - 新闻来源: 4 个
2026-04-14 21:00:46,042 - INFO -   - 积极新闻: 22 条
2026-04-14 21:00:46,042 - INFO -   - 消极新闻: 12 条
2026-04-14 21:00:46,042 - INFO -   - VIX指数: 19.12
2026-04-14 21:00:46,042 - INFO -   - 综合预测: 偏多
2026-04-14 21:00:46,042 - INFO -   - 可用历史: 1 天
2026-04-14 21:00:46,042 - INFO -   - 输出文件: /app/data/所有对话/主对话/股市新闻网页/output/index.html
2026-04-14 21:00:46,042 - INFO -   - 耗时: 18.85秒
2026-04-14 21:00:46,042 - INFO - ============================================================
